<?xml version="1.0" encoding="UTF-8"?>
<!-- Generated by org.testng.reporters.JUnitXMLReporter -->
<testsuite ignored="0" hostname="SF-LAP-497" failures="3" tests="8" name="DDStudentTracker" time="62.303" errors="0" timestamp="2023-09-13T16:36:16 IST">
  <testcase classname="L4L.DD.Test.LoginPageTest" name="setup" time="8.452"/>
  <testcase classname="L4L.DD.Test.LoginPageTest" name="validateLoginUrlTest" time="0.108"/>
  <testcase classname="L4L.DD.Test.LoginPageTest" name="logintitletest" time="0.01"/>
  <testcase classname="L4L.DD.Test.LoginPageTest" name="ddlogintest" time="43.766"/>
  <testcase classname="L4L.DD.Test.CreateCourseTest" name="setup" time="9.893">
    <failure type="org.openqa.selenium.StaleElementReferenceException" message="stale element reference: stale element not found
  (Session info: chrome=116.0.5845.182)
For documentation on this error, please visit: https://www.selenium.dev/documentation/webdriver/troubleshooting/errors#stale-element-reference-exception
Build info: version: &amp;apos;4.11.0&amp;apos;, revision: &amp;apos;040bc5406b&amp;apos;
System info: os.name: &amp;apos;Windows 10&amp;apos;, os.arch: &amp;apos;amd64&amp;apos;, os.version: &amp;apos;10.0&amp;apos;, java.version: &amp;apos;11.0.17&amp;apos;
Driver info: org.openqa.selenium.chrome.ChromeDriver
Command: [4abb9671660277fab9dab5bc9e6f0765, executeScript {script=arguments[0].click();, args=[{element-6066-11e4-a52e-4f735466cecf=A3FE28EDED9C43396FA2C69ACDF240BA_element_33}]}]
Capabilities {acceptInsecureCerts: false, browserName: chrome, browserVersion: 116.0.5845.182, chrome: {chromedriverVersion: 116.0.5845.96 (1a3918166880..., userDataDir: C:\Users\akbarali\AppData\L...}, fedcm:accounts: true, goog:chromeOptions: {debuggerAddress: localhost:62149}, networkConnectionEnabled: false, pageLoadStrategy: normal, platformName: windows, proxy: Proxy(), se:cdp: ws://localhost:62149/devtoo..., se:cdpVersion: 116.0.5845.182, setWindowRect: true, strictFileInteractability: false, timeouts: {implicit: 0, pageLoad: 300000, script: 30000}, unhandledPromptBehavior: dismiss and notify, webauthn:extension:credBlob: true, webauthn:extension:largeBlob: true, webauthn:extension:minPinLength: true, webauthn:extension:prf: true, webauthn:virtualAuthenticators: true}
Session ID: 4abb9671660277fab9dab5bc9e6f0765">
      <![CDATA[org.openqa.selenium.StaleElementReferenceException: stale element reference: stale element not found
  (Session info: chrome=116.0.5845.182)
For documentation on this error, please visit: https://www.selenium.dev/documentation/webdriver/troubleshooting/errors#stale-element-reference-exception
Build info: version: '4.11.0', revision: '040bc5406b'
System info: os.name: 'Windows 10', os.arch: 'amd64', os.version: '10.0', java.version: '11.0.17'
Driver info: org.openqa.selenium.chrome.ChromeDriver
Command: [4abb9671660277fab9dab5bc9e6f0765, executeScript {script=arguments[0].click();, args=[{element-6066-11e4-a52e-4f735466cecf=A3FE28EDED9C43396FA2C69ACDF240BA_element_33}]}]
Capabilities {acceptInsecureCerts: false, browserName: chrome, browserVersion: 116.0.5845.182, chrome: {chromedriverVersion: 116.0.5845.96 (1a3918166880..., userDataDir: C:\Users\akbarali\AppData\L...}, fedcm:accounts: true, goog:chromeOptions: {debuggerAddress: localhost:62149}, networkConnectionEnabled: false, pageLoadStrategy: normal, platformName: windows, proxy: Proxy(), se:cdp: ws://localhost:62149/devtoo..., se:cdpVersion: 116.0.5845.182, setWindowRect: true, strictFileInteractability: false, timeouts: {implicit: 0, pageLoad: 300000, script: 30000}, unhandledPromptBehavior: dismiss and notify, webauthn:extension:credBlob: true, webauthn:extension:largeBlob: true, webauthn:extension:minPinLength: true, webauthn:extension:prf: true, webauthn:virtualAuthenticators: true}
Session ID: 4abb9671660277fab9dab5bc9e6f0765
at org.openqa.selenium.remote.codec.w3c.W3CHttpResponseCodec.createException(W3CHttpResponseCodec.java:200)
at org.openqa.selenium.remote.codec.w3c.W3CHttpResponseCodec.decode(W3CHttpResponseCodec.java:133)
at org.openqa.selenium.remote.codec.w3c.W3CHttpResponseCodec.decode(W3CHttpResponseCodec.java:52)
at org.openqa.selenium.remote.HttpCommandExecutor.execute(HttpCommandExecutor.java:191)
at org.openqa.selenium.remote.service.DriverCommandExecutor.invokeExecute(DriverCommandExecutor.java:196)
at org.openqa.selenium.remote.service.DriverCommandExecutor.execute(DriverCommandExecutor.java:171)
at org.openqa.selenium.remote.RemoteWebDriver.execute(RemoteWebDriver.java:518)
at org.openqa.selenium.remote.RemoteWebDriver.executeScript(RemoteWebDriver.java:463)
at L4L.Util.DDUtil.javascriptexecutorClick(DDUtil.java:54)
at L4L.DD.pages.LoginPage.ddlogin(LoginPage.java:67)
at L4L.DD.Test.CreateCourseTest.setup(CreateCourseTest.java:27)
at java.base/java.util.ArrayList.forEach(ArrayList.java:1541)
... Removed 35 stack frames]]>
    </failure>
  </testcase> <!-- setup -->
  <testcase classname="L4L.DD.Test.CreateCourseTest" name="navigateToCreateCourseTest" time="0.001">
    <failure type="java.lang.NullPointerException">
      <![CDATA[java.lang.NullPointerException
at L4L.DD.Test.CreateCourseTest.navigateToCreateCourseTest(CreateCourseTest.java:35)
at java.base/java.util.ArrayList.forEach(ArrayList.java:1541)
... Removed 31 stack frames]]>
    </failure>
  </testcase> <!-- navigateToCreateCourseTest -->
  <testcase classname="L4L.DD.Test.CreateCourseTest" name="fillCourseDetailsTest" time="0.0">
    <skipped/>
  </testcase> <!-- fillCourseDetailsTest -->
  <testcase classname="L4L.DD.Test.CreateCourseTest" name="addnewCourseCatalogTest" time="0.001">
    <failure type="java.lang.NullPointerException">
      <![CDATA[java.lang.NullPointerException
at L4L.DD.Test.CreateCourseTest.addnewCourseCatalogTest(CreateCourseTest.java:48)
at java.base/java.util.ArrayList.forEach(ArrayList.java:1541)
... Removed 31 stack frames]]>
    </failure>
  </testcase> <!-- addnewCourseCatalogTest -->
</testsuite> <!-- DDStudentTracker -->
